
 

 qt4

rm -f main.o
rm -f *~ core *.core
compiling main.cpp
linking qt4
 

 db

rm -f main.o
rm -f *~ core *.core
compiling main.cpp
main.cpp:4:2: error: #error db>=4.4 required
main.cpp:10:2: error: #error db>=4.4 required
main.cpp:14:2: warning: #warning db < 4.6, some features will be disabled
main.cpp: In function ‘int main(int, char**)’:
main.cpp:22: error: ‘NULL’ was not declared in this scope
main.cpp:22: error: ‘db_create’ was not declared in this scope
make: *** [main.o] Error 1
Reading /Users/niklas/Documents/Programming/ProjectStats/ProjectStatsMigration/lib/LBDatabase/lib/libqxt-0.6.2/tools/3rdparty/qdoc3/qdoc3.pro
Reading /Users/niklas/Documents/Programming/ProjectStats/ProjectStatsMigration/lib/LBDatabase/lib/libqxt-0.6.2/src/core/core.pro
Reading /Users/niklas/Documents/Programming/ProjectStats/ProjectStatsMigration/lib/LBDatabase/lib/libqxt-0.6.2/src/gui/gui.pro
Reading /Users/niklas/Documents/Programming/ProjectStats/ProjectStatsMigration/lib/LBDatabase/lib/libqxt-0.6.2/src/designer/designer.pro
Reading /Users/niklas/Documents/Programming/ProjectStats/ProjectStatsMigration/lib/LBDatabase/lib/libqxt-0.6.2/src/network/network.pro
Reading /Users/niklas/Documents/Programming/ProjectStats/ProjectStatsMigration/lib/LBDatabase/lib/libqxt-0.6.2/src/sql/sql.pro
Reading /Users/niklas/Documents/Programming/ProjectStats/ProjectStatsMigration/lib/LBDatabase/lib/libqxt-0.6.2/src/zeroconf/zeroconf.pro
Reading /Users/niklas/Documents/Programming/ProjectStats/ProjectStatsMigration/lib/LBDatabase/lib/libqxt-0.6.2/src/web/web.pro
